{"level":"info","message":"pallid_wriggler_swarm.Token.webp saved to tokenizer/npc-images","timestamp":"2025-11-20 00:07:07"}
{"level":"info","message":"Created Token with id [UpjhZYi4dkutxvH9] in parent Scene [SD40gseItagck9DK]","timestamp":"2025-11-20 00:07:24"}
{"level":"info","message":"Created Actor with id [89UVf0QPf8Jh4j8Q]","timestamp":"2025-11-20 00:08:10"}
{"level":"info","message":"Losandro.png saved to assets","timestamp":"2025-11-20 00:08:55"}
{"level":"info","message":"Deleted Actor with id [89UVf0QPf8Jh4j8Q]","timestamp":"2025-11-20 00:08:58"}
{"level":"info","message":"Created Actor with id [hJLOQ5zyrI846H7y]","timestamp":"2025-11-20 00:08:58"}
{"level":"info","message":"Created Item with id [tbunxDzCO5ybQWmO] in parent Actor [hJLOQ5zyrI846H7y]","timestamp":"2025-11-20 00:08:58"}
{"level":"info","message":"Created Item with id [Ruo3WMdlvj2xNwm2] in parent Actor [hJLOQ5zyrI846H7y]","timestamp":"2025-11-20 00:08:58"}
{"level":"info","message":"Created Item with id [oTETPQAJ3KdFyl4K] in parent Actor [hJLOQ5zyrI846H7y]","timestamp":"2025-11-20 00:08:59"}
{"level":"info","message":"Created Item with id [BsFoT3y9qJyLDsMz] in parent Actor [hJLOQ5zyrI846H7y]","timestamp":"2025-11-20 00:09:00"}
{"level":"info","message":"Created Item with id [KdJw9JgdsgaO8kPe] in parent Actor [hJLOQ5zyrI846H7y]","timestamp":"2025-11-20 00:09:00"}
{"level":"info","message":"Created Item with id [frnbUrwteJQqmSlK] in parent Actor [hJLOQ5zyrI846H7y]","timestamp":"2025-11-20 00:09:02"}
{"level":"info","message":"Created Item with id [vWtQU8ftXSU8EFST] in parent Actor [hJLOQ5zyrI846H7y]","timestamp":"2025-11-20 00:09:02"}
{"level":"info","message":"Created Item with id [BBksxulZp5X639Iq] in parent Actor [hJLOQ5zyrI846H7y]","timestamp":"2025-11-20 00:09:04"}
{"level":"info","message":"Created Item with id [gsVSIwvbI6pCBqX3] in parent Actor [hJLOQ5zyrI846H7y]","timestamp":"2025-11-20 00:09:06"}
{"level":"info","message":"Created Item with id [xZvrsIwjJYppX94t] in parent Actor [hJLOQ5zyrI846H7y]","timestamp":"2025-11-20 00:09:07"}
{"level":"info","message":"Created ActiveEffect with id [N9OnqCnNjTAf1udw] in parent Item [xZvrsIwjJYppX94t]","timestamp":"2025-11-20 00:09:07"}
{"level":"info","message":"Created Token with id [cxR8kAjZsLxPwdlA] in parent Scene [SD40gseItagck9DK]","timestamp":"2025-11-20 00:09:27"}
{"level":"info","message":"Deleted Token with id [cxR8kAjZsLxPwdlA] in parent Scene [SD40gseItagck9DK]","timestamp":"2025-11-20 00:09:33"}
{"level":"info","message":"eliege_losandro.Token.webp saved to tokenizer/npc-images","timestamp":"2025-11-20 00:09:45"}
{"level":"info","message":"Created Token with id [TFTA7jemcYkRHQV5] in parent Scene [SD40gseItagck9DK]","timestamp":"2025-11-20 00:09:55"}
{"level":"info","message":"No system update for Pathfinder 1e is currently available.","timestamp":"2025-11-20 00:27:53"}
{"level":"info","message":"Vended World data to User [ouprz11DPMVcMbwd] in 2141ms","timestamp":"2025-11-20 00:27:53"}
{"level":"info","message":"No system update for Pathfinder 1e is currently available.","timestamp":"2025-11-20 00:28:05"}
{"level":"info","message":"Vended World data to User [qPZGKXQCL4lF0voG] in 2010ms","timestamp":"2025-11-20 00:28:05"}
{"level":"info","message":"Running on Node.js - Version 25.1.0","timestamp":"2025-11-20 11:53:48"}
{"level":"info","message":"Foundry Virtual Tabletop - Version 13 Build 351","timestamp":"2025-11-20 11:53:48"}
{"level":"info","message":"User Data Directory - \"/run/media/bretwulf/SSD/foundrydata\"","timestamp":"2025-11-20 11:53:48"}
{"level":"info","message":"Application Options:\n{\n  \"compressStatic\": true,\n  \"fullscreen\": false,\n  \"hostname\": null,\n  \"language\": \"en.core\",\n  \"localHostname\": null,\n  \"port\": 30000,\n  \"proxyPort\": null,\n  \"proxySSL\": false,\n  \"routePrefix\": null,\n  \"updateChannel\": \"stable\",\n  \"upnp\": true,\n  \"awsConfig\": null,\n  \"compressSocket\": true,\n  \"cssTheme\": \"fantasy\",\n  \"deleteNEDB\": false,\n  \"hotReload\": false,\n  \"passwordSalt\": null,\n  \"sslCert\": null,\n  \"sslKey\": null,\n  \"world\": null,\n  \"serviceConfig\": null,\n  \"telemetry\": false,\n  \"adminPassword\": \"••••••••••••••••\",\n  \"noBackups\": false\n}","timestamp":"2025-11-20 11:53:48"}
{"level":"info","message":"Software license verification succeeded","timestamp":"2025-11-20 11:53:48"}
{"level":"info","message":"Requesting UPnP port forwarding to destination port 30000","timestamp":"2025-11-20 11:53:48"}
{"level":"info","message":"Server started and listening on port 30000","timestamp":"2025-11-20 11:53:48"}
{"level":"info","message":"Created client session 0fea0e43725bec4c0382e219","timestamp":"2025-11-20 11:57:56"}
{"level":"info","message":"Administrator authentication successful for session 0fea0e43725bec4c0382e219","timestamp":"2025-11-20 11:57:59"}
{"level":"info","message":"Connected to database \"actors\"","timestamp":"2025-11-20 11:58:04"}
{"level":"info","message":"Launching World | Loading World Data - 7%","timestamp":"2025-11-20 11:58:04"}
{"level":"info","message":"Connected to database \"cards\"","timestamp":"2025-11-20 11:58:04"}
{"level":"info","message":"Launching World | Loading World Data - 14%","timestamp":"2025-11-20 11:58:04"}
{"level":"info","message":"Connected to database \"messages\"","timestamp":"2025-11-20 11:58:04"}
{"level":"info","message":"Launching World | Loading World Data - 21%","timestamp":"2025-11-20 11:58:04"}
{"level":"info","message":"Connected to database \"combats\"","timestamp":"2025-11-20 11:58:04"}
{"level":"info","message":"Launching World | Loading World Data - 29%","timestamp":"2025-11-20 11:58:04"}
{"level":"info","message":"Connected to database \"fog\"","timestamp":"2025-11-20 11:58:04"}
{"level":"info","message":"Launching World | Loading World Data - 36%","timestamp":"2025-11-20 11:58:04"}
{"level":"info","message":"Connected to database \"folders\"","timestamp":"2025-11-20 11:58:04"}
{"level":"info","message":"Launching World | Loading World Data - 43%","timestamp":"2025-11-20 11:58:04"}
{"level":"info","message":"Connected to database \"items\"","timestamp":"2025-11-20 11:58:04"}
{"level":"info","message":"Launching World | Loading World Data - 50%","timestamp":"2025-11-20 11:58:04"}
{"level":"info","message":"Connected to database \"journal\"","timestamp":"2025-11-20 11:58:04"}
{"level":"info","message":"Launching World | Loading World Data - 57%","timestamp":"2025-11-20 11:58:04"}
{"level":"info","message":"Connected to database \"macros\"","timestamp":"2025-11-20 11:58:04"}
{"level":"info","message":"Launching World | Loading World Data - 64%","timestamp":"2025-11-20 11:58:04"}
{"level":"info","message":"Connected to database \"playlists\"","timestamp":"2025-11-20 11:58:04"}
{"level":"info","message":"Launching World | Loading World Data - 71%","timestamp":"2025-11-20 11:58:04"}
{"level":"info","message":"Connected to database \"tables\"","timestamp":"2025-11-20 11:58:04"}
{"level":"info","message":"Launching World | Loading World Data - 79%","timestamp":"2025-11-20 11:58:04"}
{"level":"info","message":"Connected to database \"scenes\"","timestamp":"2025-11-20 11:58:04"}
{"level":"info","message":"Launching World | Loading World Data - 86%","timestamp":"2025-11-20 11:58:04"}
{"level":"info","message":"Connected to database \"settings\"","timestamp":"2025-11-20 11:58:04"}
{"level":"info","message":"Launching World | Loading World Data - 93%","timestamp":"2025-11-20 11:58:04"}
{"level":"info","message":"Connected to database \"users\"","timestamp":"2025-11-20 11:58:04"}
{"level":"info","message":"Launching World | Loading World Data - 100%","timestamp":"2025-11-20 11:58:04"}
{"level":"info","message":"Launching World | Migrating World Data - 7%","timestamp":"2025-11-20 11:58:04"}
{"level":"info","message":"Launching World | Migrating World Data - 14%","timestamp":"2025-11-20 11:58:04"}
{"level":"info","message":"Launching World | Migrating World Data - 21%","timestamp":"2025-11-20 11:58:04"}
{"level":"info","message":"Launching World | Migrating World Data - 29%","timestamp":"2025-11-20 11:58:04"}
{"level":"info","message":"Launching World | Migrating World Data - 36%","timestamp":"2025-11-20 11:58:04"}
{"level":"info","message":"Launching World | Migrating World Data - 43%","timestamp":"2025-11-20 11:58:04"}
{"level":"info","message":"Launching World | Migrating World Data - 50%","timestamp":"2025-11-20 11:58:04"}
{"level":"info","message":"Launching World | Migrating World Data - 57%","timestamp":"2025-11-20 11:58:04"}
{"level":"info","message":"Launching World | Migrating World Data - 64%","timestamp":"2025-11-20 11:58:04"}
{"level":"info","message":"Launching World | Migrating World Data - 71%","timestamp":"2025-11-20 11:58:04"}
{"level":"info","message":"Launching World | Migrating World Data - 79%","timestamp":"2025-11-20 11:58:04"}
{"level":"info","message":"Launching World | Migrating World Data - 86%","timestamp":"2025-11-20 11:58:04"}
{"level":"info","message":"Launching World | Migrating World Data - 93%","timestamp":"2025-11-20 11:58:04"}
{"level":"info","message":"Launching World | Migrating World Data - 100%","timestamp":"2025-11-20 11:58:04"}
{"level":"info","message":"Connected to database \"pf1.basic-monsters\"","timestamp":"2025-11-20 11:58:04"}
{"level":"info","message":"Launching World | Loading Package Data - 1%","timestamp":"2025-11-20 11:58:04"}
{"level":"info","message":"Connected to database \"pf1.classes\"","timestamp":"2025-11-20 11:58:04"}
{"level":"info","message":"Launching World | Loading Package Data - 2%","timestamp":"2025-11-20 11:58:04"}
{"level":"info","message":"Connected to database \"pf1.companion-features\"","timestamp":"2025-11-20 11:58:04"}
{"level":"info","message":"Launching World | Loading Package Data - 3%","timestamp":"2025-11-20 11:58:04"}
{"level":"info","message":"Connected to database \"pf1.mythic-paths\"","timestamp":"2025-11-20 11:58:04"}
{"level":"info","message":"Launching World | Loading Package Data - 4%","timestamp":"2025-11-20 11:58:04"}
{"level":"info","message":"Connected to database \"pf1.buffs\"","timestamp":"2025-11-20 11:58:04"}
{"level":"info","message":"Launching World | Loading Package Data - 5%","timestamp":"2025-11-20 11:58:04"}
{"level":"info","message":"Connected to database \"pf1.spells\"","timestamp":"2025-11-20 11:58:04"}
{"level":"info","message":"Connected to database \"pf1.feats\"","timestamp":"2025-11-20 11:58:04"}
{"level":"info","message":"Launching World | Loading Package Data - 6%","timestamp":"2025-11-20 11:58:04"}
{"level":"info","message":"Connected to database \"pf1.items\"","timestamp":"2025-11-20 11:58:04"}
{"level":"info","message":"Launching World | Loading Package Data - 7%","timestamp":"2025-11-20 11:58:04"}
{"level":"info","message":"Connected to database \"pf1.armors-and-shields\"","timestamp":"2025-11-20 11:58:04"}
{"level":"info","message":"Launching World | Loading Package Data - 8%","timestamp":"2025-11-20 11:58:04"}
{"level":"info","message":"Connected to database \"pf1.weapons-and-ammo\"","timestamp":"2025-11-20 11:58:04"}
{"level":"info","message":"Launching World | Loading Package Data - 9%","timestamp":"2025-11-20 11:58:04"}
{"level":"info","message":"Connected to database \"pf1.technology\"","timestamp":"2025-11-20 11:58:04"}
{"level":"info","message":"Launching World | Loading Package Data - 10%","timestamp":"2025-11-20 11:58:04"}
{"level":"info","message":"Connected to database \"pf1.monster-abilities\"","timestamp":"2025-11-20 11:58:04"}
{"level":"info","message":"Launching World | Loading Package Data - 11%","timestamp":"2025-11-20 11:58:04"}
{"level":"info","message":"Connected to database \"pf1.racial-hd\"","timestamp":"2025-11-20 11:58:04"}
{"level":"info","message":"Launching World | Loading Package Data - 12%","timestamp":"2025-11-20 11:58:04"}
{"level":"info","message":"Connected to database \"pf1.races\"","timestamp":"2025-11-20 11:58:04"}
{"level":"info","message":"Launching World | Loading Package Data - 13%","timestamp":"2025-11-20 11:58:04"}
{"level":"info","message":"Connected to database \"pf1.class-abilities\"","timestamp":"2025-11-20 11:58:04"}
{"level":"info","message":"Launching World | Loading Package Data - 14%","timestamp":"2025-11-20 11:58:04"}
{"level":"info","message":"Connected to database \"pf1.monster-templates\"","timestamp":"2025-11-20 11:58:04"}
{"level":"info","message":"Connected to database \"pf1.template-abilities\"","timestamp":"2025-11-20 11:58:04"}
{"level":"info","message":"Launching World | Loading Package Data - 15%","timestamp":"2025-11-20 11:58:04"}
{"level":"info","message":"Connected to database \"pf1.macros\"","timestamp":"2025-11-20 11:58:04"}
{"level":"info","message":"Launching World | Loading Package Data - 16%","timestamp":"2025-11-20 11:58:04"}
{"level":"info","message":"Connected to database \"pf1.roll-tables\"","timestamp":"2025-11-20 11:58:04"}
{"level":"info","message":"Launching World | Loading Package Data - 17%","timestamp":"2025-11-20 11:58:04"}
{"level":"info","message":"Connected to database \"pf1.ultimate-equipment\"","timestamp":"2025-11-20 11:58:04"}
{"level":"info","message":"Launching World | Loading Package Data - 18%","timestamp":"2025-11-20 11:58:04"}
{"level":"info","message":"Connected to database \"pf1.rules\"","timestamp":"2025-11-20 11:58:04"}
{"level":"info","message":"Launching World | Loading Package Data - 19%","timestamp":"2025-11-20 11:58:04"}
{"level":"info","message":"Connected to database \"ckl-roll-bonuses.roll-bonuses-buffs\"","timestamp":"2025-11-20 11:58:04"}
{"level":"info","message":"Launching World | Loading Package Data - 20%","timestamp":"2025-11-20 11:58:04"}
{"level":"info","message":"Connected to database \"ckl-roll-bonuses.roll-bonuses-documentation\"","timestamp":"2025-11-20 11:58:04"}
{"level":"info","message":"Launching World | Loading Package Data - 21%","timestamp":"2025-11-20 11:58:04"}
{"level":"info","message":"Connected to database \"ckl-roll-bonuses.roll-bonuses-macros\"","timestamp":"2025-11-20 11:58:04"}
{"level":"info","message":"Launching World | Loading Package Data - 22%","timestamp":"2025-11-20 11:58:04"}
{"level":"info","message":"Connected to database \"pf-content.pf-35-content\"","timestamp":"2025-11-20 11:58:04"}
{"level":"info","message":"Launching World | Loading Package Data - 23%","timestamp":"2025-11-20 11:58:04"}
{"level":"info","message":"Connected to database \"pf-content.pf-artifacts\"","timestamp":"2025-11-20 11:58:04"}
{"level":"info","message":"Connected to database \"pf-content.pf-buffs\"","timestamp":"2025-11-20 11:58:04"}
{"level":"info","message":"Launching World | Loading Package Data - 24%","timestamp":"2025-11-20 11:58:04"}
{"level":"info","message":"Connected to database \"pf-content.pf-collab-content\"","timestamp":"2025-11-20 11:58:04"}
{"level":"info","message":"Launching World | Loading Package Data - 25%","timestamp":"2025-11-20 11:58:04"}
{"level":"info","message":"Connected to database \"pf-content.pf-class-abilities\"","timestamp":"2025-11-20 11:58:04"}
{"level":"info","message":"Launching World | Loading Package Data - 26%","timestamp":"2025-11-20 11:58:04"}
{"level":"info","message":"Connected to database \"pf-content.pf-companions\"","timestamp":"2025-11-20 11:58:04"}
{"level":"info","message":"Launching World | Loading Package Data - 27%","timestamp":"2025-11-20 11:58:04"}
{"level":"info","message":"Connected to database \"pf-content.pf-companion-features\"","timestamp":"2025-11-20 11:58:04"}
{"level":"info","message":"Launching World | Loading Package Data - 28%","timestamp":"2025-11-20 11:58:04"}
{"level":"info","message":"Connected to database \"pf-content.pf-cursed-items\"","timestamp":"2025-11-20 11:58:04"}
{"level":"info","message":"Launching World | Loading Package Data - 29%","timestamp":"2025-11-20 11:58:04"}
{"level":"info","message":"Connected to database \"pf-content.pf-deities\"","timestamp":"2025-11-20 11:58:04"}
{"level":"info","message":"Launching World | Loading Package Data - 30%","timestamp":"2025-11-20 11:58:04"}
{"level":"info","message":"Connected to database \"pf-content.pf-eidolon-forms\"","timestamp":"2025-11-20 11:58:04"}
{"level":"info","message":"Launching World | Loading Package Data - 31%","timestamp":"2025-11-20 11:58:04"}
{"level":"info","message":"Connected to database \"pf-content.pf-eidolon-evolutions\"","timestamp":"2025-11-20 11:58:04"}
{"level":"info","message":"Launching World | Loading Package Data - 32%","timestamp":"2025-11-20 11:58:04"}
{"level":"info","message":"Connected to database \"pf-content.pf-encounter-tables\"","timestamp":"2025-11-20 11:58:04"}
{"level":"info","message":"Connected to database \"pf-content.pf-third-party\"","timestamp":"2025-11-20 11:58:04"}
{"level":"info","message":"Launching World | Loading Package Data - 33%","timestamp":"2025-11-20 11:58:04"}
{"level":"info","message":"Connected to database \"pf-content.pf-familiars\"","timestamp":"2025-11-20 11:58:04"}
{"level":"info","message":"Launching World | Loading Package Data - 34%","timestamp":"2025-11-20 11:58:04"}
{"level":"info","message":"Connected to database \"pf-content.pf-feats\"","timestamp":"2025-11-20 11:58:04"}
{"level":"info","message":"Launching World | Loading Package Data - 35%","timestamp":"2025-11-20 11:58:04"}
{"level":"info","message":"Connected to database \"pf-content.gm-quick-reference\"","timestamp":"2025-11-20 11:58:04"}
{"level":"info","message":"Launching World | Loading Package Data - 36%","timestamp":"2025-11-20 11:58:04"}
{"level":"info","message":"Connected to database \"pf-content.pf-goods-services\"","timestamp":"2025-11-20 11:58:04"}
{"level":"info","message":"Launching World | Loading Package Data - 37%","timestamp":"2025-11-20 11:58:04"}
{"level":"info","message":"Connected to database \"pf-content.harrow-deck\"","timestamp":"2025-11-20 11:58:04"}
{"level":"info","message":"Launching World | Loading Package Data - 38%","timestamp":"2025-11-20 11:58:04"}
{"level":"info","message":"Connected to database \"pf-content.pf-items\"","timestamp":"2025-11-20 11:58:04"}
{"level":"info","message":"Launching World | Loading Package Data - 39%","timestamp":"2025-11-20 11:58:04"}
{"level":"info","message":"Connected to database \"pf-content.pf-magic-items\"","timestamp":"2025-11-20 11:58:04"}
{"level":"info","message":"Launching World | Loading Package Data - 40%","timestamp":"2025-11-20 11:58:04"}
{"level":"info","message":"Connected to database \"pf-content.pf-maladies\"","timestamp":"2025-11-20 11:58:04"}
{"level":"info","message":"Launching World | Loading Package Data - 41%","timestamp":"2025-11-20 11:58:04"}
{"level":"info","message":"Connected to database \"pf-content.pf-merchants\"","timestamp":"2025-11-20 11:58:04"}
{"level":"info","message":"Connected to database \"pf-content.pf-magic-tables\"","timestamp":"2025-11-20 11:58:04"}
{"level":"info","message":"Launching World | Loading Package Data - 42%","timestamp":"2025-11-20 11:58:04"}
{"level":"info","message":"Connected to database \"pf-content.pf-occult-rituals\"","timestamp":"2025-11-20 11:58:04"}
{"level":"info","message":"Launching World | Loading Package Data - 43%","timestamp":"2025-11-20 11:58:04"}
{"level":"info","message":"Connected to database \"pf-content.pf-racial-traits\"","timestamp":"2025-11-20 11:58:04"}
{"level":"info","message":"Launching World | Loading Package Data - 44%","timestamp":"2025-11-20 11:58:04"}
{"level":"info","message":"Connected to database \"pf-content.pf-rules\"","timestamp":"2025-11-20 11:58:04"}
{"level":"info","message":"Launching World | Loading Package Data - 45%","timestamp":"2025-11-20 11:58:04"}
{"level":"info","message":"Connected to database \"pf-content.pf-special-qualities\"","timestamp":"2025-11-20 11:58:04"}
{"level":"info","message":"Launching World | Loading Package Data - 46%","timestamp":"2025-11-20 11:58:04"}
{"level":"info","message":"Connected to database \"pf-content.pf-tables\"","timestamp":"2025-11-20 11:58:04"}
{"level":"info","message":"Launching World | Loading Package Data - 47%","timestamp":"2025-11-20 11:58:04"}
{"level":"info","message":"Connected to database \"pf-content.pf-traits\"","timestamp":"2025-11-20 11:58:05"}
{"level":"info","message":"Launching World | Loading Package Data - 48%","timestamp":"2025-11-20 11:58:05"}
{"level":"info","message":"Connected to database \"pf-content.pf-traps-and-haunts\"","timestamp":"2025-11-20 11:58:05"}
{"level":"info","message":"Launching World | Loading Package Data - 49%","timestamp":"2025-11-20 11:58:05"}
{"level":"info","message":"Connected to database \"pf-content.pf-universal-monster-rules\"","timestamp":"2025-11-20 11:58:05"}
{"level":"info","message":"Launching World | Loading Package Data - 50%","timestamp":"2025-11-20 11:58:05"}
{"level":"info","message":"Connected to database \"pf-content.pf-wondrous\"","timestamp":"2025-11-20 11:58:05"}
{"level":"info","message":"Connected to database \"pf1-improved-conditions.Improved-Conditions\"","timestamp":"2025-11-20 11:58:05"}
{"level":"info","message":"Launching World | Loading Package Data - 51%","timestamp":"2025-11-20 11:58:05"}
{"level":"info","message":"Connected to database \"pf1-statblock-converter.mythic-rank-and-features\"","timestamp":"2025-11-20 11:58:05"}
{"level":"info","message":"Launching World | Loading Package Data - 52%","timestamp":"2025-11-20 11:58:05"}
{"level":"info","message":"Connected to database \"pf1-statblock-converter.spell-components\"","timestamp":"2025-11-20 11:58:05"}
{"level":"info","message":"Launching World | Loading Package Data - 53%","timestamp":"2025-11-20 11:58:05"}
{"level":"info","message":"Connected to database \"pf1e-archetypes.pf-archetypes\"","timestamp":"2025-11-20 11:58:05"}
{"level":"info","message":"Launching World | Loading Package Data - 54%","timestamp":"2025-11-20 11:58:05"}
{"level":"info","message":"Connected to database \"pf1e-archetypes.pf-arch-features\"","timestamp":"2025-11-20 11:58:05"}
{"level":"info","message":"Launching World | Loading Package Data - 55%","timestamp":"2025-11-20 11:58:05"}
{"level":"info","message":"Connected to database \"pf1e-archetypes.pf-arch-buffs\"","timestamp":"2025-11-20 11:58:05"}
{"level":"info","message":"Launching World | Loading Package Data - 56%","timestamp":"2025-11-20 11:58:05"}
{"level":"info","message":"Connected to database \"pf1e-archetypes.pf-prestige-classes\"","timestamp":"2025-11-20 11:58:05"}
{"level":"info","message":"Launching World | Loading Package Data - 57%","timestamp":"2025-11-20 11:58:05"}
{"level":"info","message":"Connected to database \"pf1e-archetypes.pf-prestige-features\"","timestamp":"2025-11-20 11:58:05"}
{"level":"info","message":"Launching World | Loading Package Data - 58%","timestamp":"2025-11-20 11:58:05"}
{"level":"info","message":"Connected to database \"statblock-library.sb-bestiaries1-3\"","timestamp":"2025-11-20 11:58:05"}
{"level":"info","message":"Launching World | Loading Package Data - 59%","timestamp":"2025-11-20 11:58:05"}
{"level":"info","message":"Connected to database \"statblock-library.sb-bestiaries4-6\"","timestamp":"2025-11-20 11:58:05"}
{"level":"info","message":"Connected to database \"statblock-library.sb-campaign-settings\"","timestamp":"2025-11-20 11:58:05"}
{"level":"info","message":"Launching World | Loading Package Data - 60%","timestamp":"2025-11-20 11:58:05"}
{"level":"info","message":"Connected to database \"statblock-library.sb-academy-of-secrets\"","timestamp":"2025-11-20 11:58:05"}
{"level":"info","message":"Launching World | Loading Package Data - 61%","timestamp":"2025-11-20 11:58:05"}
{"level":"info","message":"Connected to database \"statblock-library.sb-clash-of-the-kingslayers\"","timestamp":"2025-11-20 11:58:05"}
{"level":"info","message":"Launching World | Loading Package Data - 62%","timestamp":"2025-11-20 11:58:05"}
{"level":"info","message":"Connected to database \"statblock-library.sb-crucible-of-chaos\"","timestamp":"2025-11-20 11:58:05"}
{"level":"info","message":"Launching World | Loading Package Data - 63%","timestamp":"2025-11-20 11:58:05"}
{"level":"info","message":"Connected to database \"statblock-library.sb-dragons-demand\"","timestamp":"2025-11-20 11:58:05"}
{"level":"info","message":"Launching World | Loading Package Data - 64%","timestamp":"2025-11-20 11:58:05"}
{"level":"info","message":"Connected to database \"statblock-library.sb-emerald-spire\"","timestamp":"2025-11-20 11:58:05"}
{"level":"info","message":"Launching World | Loading Package Data - 65%","timestamp":"2025-11-20 11:58:05"}
{"level":"info","message":"Connected to database \"statblock-library.sb-monsters-dragons\"","timestamp":"2025-11-20 11:58:05"}
{"level":"info","message":"Launching World | Loading Package Data - 66%","timestamp":"2025-11-20 11:58:05"}
{"level":"info","message":"Connected to database \"statblock-library.sb-mythic-monsters\"","timestamp":"2025-11-20 11:58:05"}
{"level":"info","message":"Launching World | Loading Package Data - 67%","timestamp":"2025-11-20 11:58:05"}
{"level":"info","message":"Connected to database \"statblock-library.sb-npcs-and-villians\"","timestamp":"2025-11-20 11:58:05"}
{"level":"info","message":"Launching World | Loading Package Data - 68%","timestamp":"2025-11-20 11:58:05"}
{"level":"info","message":"Connected to database \"statblock-library.sb-occult-bestiary\"","timestamp":"2025-11-20 11:58:05"}
{"level":"info","message":"Connected to database \"statblock-library.sb-pfs\"","timestamp":"2025-11-20 11:58:05"}
{"level":"info","message":"Launching World | Loading Package Data - 69%","timestamp":"2025-11-20 11:58:05"}
{"level":"info","message":"Connected to database \"statblock-library.sb-house-on-hook-street\"","timestamp":"2025-11-20 11:58:05"}
{"level":"info","message":"Launching World | Loading Package Data - 70%","timestamp":"2025-11-20 11:58:05"}
{"level":"info","message":"Connected to database \"statblock-library.sb-plunder-and-peril\"","timestamp":"2025-11-20 11:58:05"}
{"level":"info","message":"Launching World | Loading Package Data - 71%","timestamp":"2025-11-20 11:58:05"}
{"level":"info","message":"Connected to database \"statblock-library.sb-rappan-athuk\"","timestamp":"2025-11-20 11:58:05"}
{"level":"info","message":"Launching World | Loading Package Data - 72%","timestamp":"2025-11-20 11:58:05"}
{"level":"info","message":"Connected to database \"statblock-library.sb-sword-of-air\"","timestamp":"2025-11-20 11:58:05"}
{"level":"info","message":"Launching World | Loading Package Data - 73%","timestamp":"2025-11-20 11:58:05"}
{"level":"info","message":"Connected to database \"statblock-library.sb-tome-of-horrors\"","timestamp":"2025-11-20 11:58:05"}
{"level":"info","message":"Launching World | Loading Package Data - 74%","timestamp":"2025-11-20 11:58:05"}
{"level":"info","message":"Connected to database \"statblock-library.sb-lost-city-barakus\"","timestamp":"2025-11-20 11:58:05"}
{"level":"info","message":"Launching World | Loading Package Data - 75%","timestamp":"2025-11-20 11:58:05"}
{"level":"info","message":"Connected to database \"statblock-library.sb-we-be-goblins\"","timestamp":"2025-11-20 11:58:05"}
{"level":"info","message":"Launching World | Loading Package Data - 76%","timestamp":"2025-11-20 11:58:05"}
{"level":"info","message":"Connected to database \"statblock-library.sb-carrion-crown\"","timestamp":"2025-11-20 11:58:05"}
{"level":"info","message":"Launching World | Loading Package Data - 77%","timestamp":"2025-11-20 11:58:05"}
{"level":"info","message":"Connected to database \"statblock-library.sb-council-of-thieves\"","timestamp":"2025-11-20 11:58:05"}
{"level":"info","message":"Connected to database \"statblock-library.sb-curse-crimson-throne\"","timestamp":"2025-11-20 11:58:05"}
{"level":"info","message":"Launching World | Loading Package Data - 78%","timestamp":"2025-11-20 11:58:05"}
{"level":"info","message":"Connected to database \"statblock-library.sb-giantslayer\"","timestamp":"2025-11-20 11:58:05"}
{"level":"info","message":"Launching World | Loading Package Data - 79%","timestamp":"2025-11-20 11:58:05"}
{"level":"info","message":"Connected to database \"statblock-library.sb-hells-rebels\"","timestamp":"2025-11-20 11:58:05"}
{"level":"info","message":"Launching World | Loading Package Data - 80%","timestamp":"2025-11-20 11:58:05"}
{"level":"info","message":"Connected to database \"statblock-library.sb-hells-vengeance\"","timestamp":"2025-11-20 11:58:05"}
{"level":"info","message":"Launching World | Loading Package Data - 81%","timestamp":"2025-11-20 11:58:05"}
{"level":"info","message":"Connected to database \"statblock-library.sb-iron-gods\"","timestamp":"2025-11-20 11:58:05"}
{"level":"info","message":"Launching World | Loading Package Data - 82%","timestamp":"2025-11-20 11:58:05"}
{"level":"info","message":"Connected to database \"statblock-library.sb-ironfang-invasion\"","timestamp":"2025-11-20 11:58:05"}
{"level":"info","message":"Launching World | Loading Package Data - 83%","timestamp":"2025-11-20 11:58:05"}
{"level":"info","message":"Connected to database \"statblock-library.sb-jade-regent\"","timestamp":"2025-11-20 11:58:05"}
{"level":"info","message":"Launching World | Loading Package Data - 84%","timestamp":"2025-11-20 11:58:05"}
{"level":"info","message":"Connected to database \"statblock-library.sb-kingmaker\"","timestamp":"2025-11-20 11:58:05"}
{"level":"info","message":"Launching World | Loading Package Data - 85%","timestamp":"2025-11-20 11:58:05"}
{"level":"info","message":"Connected to database \"statblock-library.sb-mummys-mask\"","timestamp":"2025-11-20 11:58:05"}
{"level":"info","message":"Launching World | Loading Package Data - 86%","timestamp":"2025-11-20 11:58:05"}
{"level":"info","message":"Connected to database \"statblock-library.sb-puzzle-box\"","timestamp":"2025-11-20 11:58:05"}
{"level":"info","message":"Connected to database \"statblock-library.sb-rise-of-runelords\"","timestamp":"2025-11-20 11:58:05"}
{"level":"info","message":"Launching World | Loading Package Data - 87%","timestamp":"2025-11-20 11:58:05"}
{"level":"info","message":"Connected to database \"statblock-library.sb-serpents-skull\"","timestamp":"2025-11-20 11:58:05"}
{"level":"info","message":"Launching World | Loading Package Data - 88%","timestamp":"2025-11-20 11:58:05"}
{"level":"info","message":"Connected to database \"statblock-library.sb-skull-shackles\"","timestamp":"2025-11-20 11:58:05"}
{"level":"info","message":"Launching World | Loading Package Data - 89%","timestamp":"2025-11-20 11:58:05"}
{"level":"info","message":"Connected to database \"statblock-library.sb-shattered-star\"","timestamp":"2025-11-20 11:58:05"}
{"level":"info","message":"Launching World | Loading Package Data - 90%","timestamp":"2025-11-20 11:58:05"}
{"level":"info","message":"Connected to database \"statblock-library.sb-reign-of-winter\"","timestamp":"2025-11-20 11:58:05"}
{"level":"info","message":"Launching World | Loading Package Data - 91%","timestamp":"2025-11-20 11:58:05"}
{"level":"info","message":"Connected to database \"statblock-library.sb-return-of-runelords\"","timestamp":"2025-11-20 11:58:05"}
{"level":"info","message":"Launching World | Loading Package Data - 92%","timestamp":"2025-11-20 11:58:05"}
{"level":"info","message":"Connected to database \"statblock-library.sb-ruins-of-azlant\"","timestamp":"2025-11-20 11:58:05"}
{"level":"info","message":"Launching World | Loading Package Data - 93%","timestamp":"2025-11-20 11:58:05"}
{"level":"info","message":"Connected to database \"statblock-library.sb-strange-aeons\"","timestamp":"2025-11-20 11:58:05"}
{"level":"info","message":"Launching World | Loading Package Data - 94%","timestamp":"2025-11-20 11:58:05"}
{"level":"info","message":"Connected to database \"statblock-library.sb-tomb-of-the-iron-medusa\"","timestamp":"2025-11-20 11:58:05"}
{"level":"info","message":"Launching World | Loading Package Data - 95%","timestamp":"2025-11-20 11:58:05"}
{"level":"info","message":"Connected to database \"statblock-library.sb-tyrants-grasp\"","timestamp":"2025-11-20 11:58:05"}
{"level":"info","message":"Connected to database \"statblock-library.sb-war-for-the-crown\"","timestamp":"2025-11-20 11:58:05"}
{"level":"info","message":"Launching World | Loading Package Data - 96%","timestamp":"2025-11-20 11:58:05"}
{"level":"info","message":"Connected to database \"statblock-library.sb-wrath-righteous\"","timestamp":"2025-11-20 11:58:05"}
{"level":"info","message":"Launching World | Loading Package Data - 97%","timestamp":"2025-11-20 11:58:05"}
{"level":"info","message":"Connected to database \"tokenmagic.tmMacros\"","timestamp":"2025-11-20 11:58:05"}
{"level":"info","message":"Launching World | Loading Package Data - 98%","timestamp":"2025-11-20 11:58:05"}
{"level":"info","message":"Connected to database \"tokenmagic.tmSampleCompendium\"","timestamp":"2025-11-20 11:58:05"}
{"level":"info","message":"Launching World | Loading Package Data - 99%","timestamp":"2025-11-20 11:58:05"}
{"level":"info","message":"Connected to database \"tokenmagic-automatic-wounds.tokenmagic-automatic-wounds-macros\"","timestamp":"2025-11-20 11:58:05"}
{"level":"info","message":"Launching World | Loading Package Data - 100%","timestamp":"2025-11-20 11:58:05"}
{"level":"info","message":"Created 0 Folder documents with ids: []","timestamp":"2025-11-20 11:58:05"}
{"level":"info","message":"Launching World | Migrating Package Data - 1%","timestamp":"2025-11-20 11:58:05"}
{"level":"info","message":"Launching World | Migrating Package Data - 2%","timestamp":"2025-11-20 11:58:05"}
{"level":"info","message":"Launching World | Migrating Package Data - 3%","timestamp":"2025-11-20 11:58:05"}
{"level":"info","message":"Launching World | Migrating Package Data - 4%","timestamp":"2025-11-20 11:58:05"}
{"level":"info","message":"Launching World | Migrating Package Data - 5%","timestamp":"2025-11-20 11:58:05"}
{"level":"info","message":"Launching World | Migrating Package Data - 6%","timestamp":"2025-11-20 11:58:05"}
{"level":"info","message":"Launching World | Migrating Package Data - 7%","timestamp":"2025-11-20 11:58:05"}
{"level":"info","message":"Launching World | Migrating Package Data - 8%","timestamp":"2025-11-20 11:58:05"}
{"level":"info","message":"Launching World | Migrating Package Data - 9%","timestamp":"2025-11-20 11:58:05"}
{"level":"info","message":"Launching World | Migrating Package Data - 10%","timestamp":"2025-11-20 11:58:05"}
{"level":"info","message":"Launching World | Migrating Package Data - 11%","timestamp":"2025-11-20 11:58:05"}
{"level":"info","message":"Launching World | Migrating Package Data - 12%","timestamp":"2025-11-20 11:58:05"}
{"level":"info","message":"Launching World | Migrating Package Data - 13%","timestamp":"2025-11-20 11:58:05"}
{"level":"info","message":"Launching World | Migrating Package Data - 14%","timestamp":"2025-11-20 11:58:05"}
{"level":"info","message":"Launching World | Migrating Package Data - 15%","timestamp":"2025-11-20 11:58:05"}
{"level":"info","message":"Launching World | Migrating Package Data - 16%","timestamp":"2025-11-20 11:58:05"}
{"level":"info","message":"Launching World | Migrating Package Data - 17%","timestamp":"2025-11-20 11:58:05"}
{"level":"info","message":"Launching World | Migrating Package Data - 18%","timestamp":"2025-11-20 11:58:06"}
{"level":"info","message":"Launching World | Migrating Package Data - 19%","timestamp":"2025-11-20 11:58:06"}
{"level":"info","message":"Launching World | Migrating Package Data - 20%","timestamp":"2025-11-20 11:58:06"}
{"level":"info","message":"Launching World | Migrating Package Data - 21%","timestamp":"2025-11-20 11:58:06"}
{"level":"info","message":"Launching World | Migrating Package Data - 22%","timestamp":"2025-11-20 11:58:06"}
{"level":"info","message":"Launching World | Migrating Package Data - 23%","timestamp":"2025-11-20 11:58:06"}
{"level":"info","message":"Launching World | Migrating Package Data - 24%","timestamp":"2025-11-20 11:58:06"}
{"level":"info","message":"Launching World | Migrating Package Data - 25%","timestamp":"2025-11-20 11:58:06"}
{"level":"info","message":"Launching World | Migrating Package Data - 26%","timestamp":"2025-11-20 11:58:06"}
{"level":"info","message":"Launching World | Migrating Package Data - 27%","timestamp":"2025-11-20 11:58:06"}
{"level":"info","message":"Launching World | Migrating Package Data - 28%","timestamp":"2025-11-20 11:58:06"}
{"level":"info","message":"Launching World | Migrating Package Data - 29%","timestamp":"2025-11-20 11:58:06"}
{"level":"info","message":"Launching World | Migrating Package Data - 30%","timestamp":"2025-11-20 11:58:06"}
{"level":"info","message":"Launching World | Migrating Package Data - 31%","timestamp":"2025-11-20 11:58:06"}
{"level":"info","message":"Launching World | Migrating Package Data - 32%","timestamp":"2025-11-20 11:58:06"}
{"level":"info","message":"Launching World | Migrating Package Data - 33%","timestamp":"2025-11-20 11:58:06"}
{"level":"info","message":"Launching World | Migrating Package Data - 34%","timestamp":"2025-11-20 11:58:06"}
{"level":"info","message":"Launching World | Migrating Package Data - 35%","timestamp":"2025-11-20 11:58:06"}
{"level":"info","message":"Launching World | Migrating Package Data - 36%","timestamp":"2025-11-20 11:58:06"}
{"level":"info","message":"Launching World | Migrating Package Data - 37%","timestamp":"2025-11-20 11:58:06"}
{"level":"info","message":"Launching World | Migrating Package Data - 38%","timestamp":"2025-11-20 11:58:06"}
{"level":"info","message":"Launching World | Migrating Package Data - 39%","timestamp":"2025-11-20 11:58:06"}
{"level":"info","message":"Launching World | Migrating Package Data - 40%","timestamp":"2025-11-20 11:58:06"}
{"level":"info","message":"Launching World | Migrating Package Data - 41%","timestamp":"2025-11-20 11:58:06"}
{"level":"info","message":"Launching World | Migrating Package Data - 42%","timestamp":"2025-11-20 11:58:06"}
{"level":"info","message":"Launching World | Migrating Package Data - 43%","timestamp":"2025-11-20 11:58:06"}
{"level":"info","message":"Launching World | Migrating Package Data - 44%","timestamp":"2025-11-20 11:58:06"}
{"level":"info","message":"Launching World | Migrating Package Data - 45%","timestamp":"2025-11-20 11:58:06"}
{"level":"info","message":"Launching World | Migrating Package Data - 46%","timestamp":"2025-11-20 11:58:06"}
{"level":"info","message":"Launching World | Migrating Package Data - 47%","timestamp":"2025-11-20 11:58:06"}
{"level":"info","message":"Launching World | Migrating Package Data - 48%","timestamp":"2025-11-20 11:58:06"}
{"level":"info","message":"Launching World | Migrating Package Data - 49%","timestamp":"2025-11-20 11:58:06"}
{"level":"info","message":"Launching World | Migrating Package Data - 50%","timestamp":"2025-11-20 11:58:06"}
{"level":"info","message":"Launching World | Migrating Package Data - 51%","timestamp":"2025-11-20 11:58:06"}
{"level":"info","message":"Launching World | Migrating Package Data - 52%","timestamp":"2025-11-20 11:58:06"}
{"level":"info","message":"Launching World | Migrating Package Data - 53%","timestamp":"2025-11-20 11:58:06"}
{"level":"info","message":"Launching World | Migrating Package Data - 54%","timestamp":"2025-11-20 11:58:06"}
{"level":"info","message":"Launching World | Migrating Package Data - 55%","timestamp":"2025-11-20 11:58:06"}
{"level":"info","message":"Launching World | Migrating Package Data - 56%","timestamp":"2025-11-20 11:58:06"}
{"level":"info","message":"Launching World | Migrating Package Data - 57%","timestamp":"2025-11-20 11:58:06"}
{"level":"info","message":"Launching World | Migrating Package Data - 58%","timestamp":"2025-11-20 11:58:06"}
{"level":"info","message":"Launching World | Migrating Package Data - 59%","timestamp":"2025-11-20 11:58:06"}
{"level":"info","message":"Launching World | Migrating Package Data - 60%","timestamp":"2025-11-20 11:58:06"}
{"level":"info","message":"Launching World | Migrating Package Data - 61%","timestamp":"2025-11-20 11:58:06"}
{"level":"info","message":"Launching World | Migrating Package Data - 62%","timestamp":"2025-11-20 11:58:06"}
{"level":"info","message":"Launching World | Migrating Package Data - 63%","timestamp":"2025-11-20 11:58:06"}
{"level":"info","message":"Launching World | Migrating Package Data - 64%","timestamp":"2025-11-20 11:58:06"}
{"level":"info","message":"Launching World | Migrating Package Data - 65%","timestamp":"2025-11-20 11:58:06"}
{"level":"info","message":"Launching World | Migrating Package Data - 66%","timestamp":"2025-11-20 11:58:06"}
{"level":"info","message":"Launching World | Migrating Package Data - 67%","timestamp":"2025-11-20 11:58:06"}
{"level":"info","message":"Launching World | Migrating Package Data - 68%","timestamp":"2025-11-20 11:58:06"}
{"level":"info","message":"Launching World | Migrating Package Data - 69%","timestamp":"2025-11-20 11:58:07"}
{"level":"info","message":"Launching World | Migrating Package Data - 70%","timestamp":"2025-11-20 11:58:07"}
{"level":"info","message":"Launching World | Migrating Package Data - 71%","timestamp":"2025-11-20 11:58:07"}
{"level":"info","message":"Launching World | Migrating Package Data - 72%","timestamp":"2025-11-20 11:58:07"}
{"level":"info","message":"Launching World | Migrating Package Data - 73%","timestamp":"2025-11-20 11:58:07"}
{"level":"info","message":"Launching World | Migrating Package Data - 74%","timestamp":"2025-11-20 11:58:07"}
{"level":"info","message":"Launching World | Migrating Package Data - 75%","timestamp":"2025-11-20 11:58:07"}
{"level":"info","message":"Launching World | Migrating Package Data - 76%","timestamp":"2025-11-20 11:58:07"}
{"level":"info","message":"Launching World | Migrating Package Data - 77%","timestamp":"2025-11-20 11:58:07"}
{"level":"info","message":"Launching World | Migrating Package Data - 78%","timestamp":"2025-11-20 11:58:07"}
{"level":"info","message":"Launching World | Migrating Package Data - 79%","timestamp":"2025-11-20 11:58:07"}
{"level":"info","message":"Launching World | Migrating Package Data - 80%","timestamp":"2025-11-20 11:58:07"}
{"level":"info","message":"Launching World | Migrating Package Data - 81%","timestamp":"2025-11-20 11:58:07"}
{"level":"info","message":"Launching World | Migrating Package Data - 82%","timestamp":"2025-11-20 11:58:07"}
{"level":"info","message":"Launching World | Migrating Package Data - 83%","timestamp":"2025-11-20 11:58:07"}
{"level":"info","message":"Launching World | Migrating Package Data - 84%","timestamp":"2025-11-20 11:58:07"}
{"level":"info","message":"Launching World | Migrating Package Data - 85%","timestamp":"2025-11-20 11:58:07"}
{"level":"info","message":"Launching World | Migrating Package Data - 86%","timestamp":"2025-11-20 11:58:07"}
{"level":"info","message":"Launching World | Migrating Package Data - 87%","timestamp":"2025-11-20 11:58:07"}
{"level":"info","message":"Launching World | Migrating Package Data - 88%","timestamp":"2025-11-20 11:58:07"}
{"level":"info","message":"Launching World | Migrating Package Data - 89%","timestamp":"2025-11-20 11:58:07"}
{"level":"info","message":"Launching World | Migrating Package Data - 90%","timestamp":"2025-11-20 11:58:07"}
{"level":"info","message":"Launching World | Migrating Package Data - 91%","timestamp":"2025-11-20 11:58:07"}
{"level":"info","message":"Launching World | Migrating Package Data - 92%","timestamp":"2025-11-20 11:58:07"}
{"level":"info","message":"Launching World | Migrating Package Data - 93%","timestamp":"2025-11-20 11:58:07"}
{"level":"info","message":"Launching World | Migrating Package Data - 94%","timestamp":"2025-11-20 11:58:07"}
{"level":"info","message":"Launching World | Migrating Package Data - 95%","timestamp":"2025-11-20 11:58:07"}
{"level":"info","message":"Launching World | Migrating Package Data - 96%","timestamp":"2025-11-20 11:58:07"}
{"level":"info","message":"Launching World | Migrating Package Data - 97%","timestamp":"2025-11-20 11:58:07"}
{"level":"info","message":"Launching World | Migrating Package Data - 98%","timestamp":"2025-11-20 11:58:07"}
{"level":"info","message":"Launching World | Migrating Package Data - 99%","timestamp":"2025-11-20 11:58:07"}
{"level":"info","message":"Launching World | Migrating Package Data - 100%","timestamp":"2025-11-20 11:58:07"}
{"level":"info","message":"Launching World | Complete","timestamp":"2025-11-20 11:58:07"}
{"ip":"::1","level":"info","message":"User authentication successful for user Gamemaster","session":"0fea0e43725bec4c0382e219","timestamp":"2025-11-20 11:58:41"}
{"level":"info","message":"No system update for Pathfinder 1e is currently available.","timestamp":"2025-11-20 11:58:45"}
{"level":"info","message":"Vended World data to User [ouprz11DPMVcMbwd] in 2344ms","timestamp":"2025-11-20 11:58:45"}
{"level":"info","message":"Toggling game pause status to false","timestamp":"2025-11-20 11:59:08"}
{"level":"debug","message":"Starting edit session for user 'ouprz11DPMVcMbwd' and instance 'JournalEntry.jRmsuODBPpnuxfGW.JournalEntryPage.K4enkdLbTPItGnVu#text.content'.","timestamp":"2025-11-20 12:08:03"}
{"level":"debug","message":"Broadcasting autosave update for instance 'JournalEntry.jRmsuODBPpnuxfGW.JournalEntryPage.K4enkdLbTPItGnVu#text.content'.","timestamp":"2025-11-20 12:09:03"}
{"level":"debug","message":"Retiring user 'ouprz11DPMVcMbwd' from editing session for instance 'JournalEntry.jRmsuODBPpnuxfGW.JournalEntryPage.K4enkdLbTPItGnVu#text.content'.","timestamp":"2025-11-20 12:13:50"}
{"level":"debug","message":"Instance 'JournalEntry.jRmsuODBPpnuxfGW.JournalEntryPage.K4enkdLbTPItGnVu#text.content' has no more active editors, cleaning up.","timestamp":"2025-11-20 12:13:50"}
{"level":"info","message":"Created Token with id [MY6RZHjMTFyNchN1] in parent Scene [SD40gseItagck9DK]","timestamp":"2025-11-20 12:15:32"}
{"level":"info","message":"Created Token with id [PrSsq7VUMQUyvdzM] in parent Scene [SD40gseItagck9DK]","timestamp":"2025-11-20 12:15:36"}
{"level":"info","message":"Created Actor with id [whSKs1nhGbBqaPD3]","timestamp":"2025-11-20 12:15:54"}
{"level":"info","message":"personal_effect_storage.Avatar.webp saved to tokenizer/npc-images","timestamp":"2025-11-20 12:16:58"}
{"level":"info","message":"personal_effect_storage.Token.webp saved to tokenizer/npc-images","timestamp":"2025-11-20 12:16:58"}
{"level":"info","message":"Created Item with id [YOLBqyNk0ya6vELh] in parent Actor [whSKs1nhGbBqaPD3]","timestamp":"2025-11-20 12:17:10"}
{"level":"info","message":"Created Item with id [JDbJXa2kZwranwpn] in parent Actor [whSKs1nhGbBqaPD3]","timestamp":"2025-11-20 12:17:10"}
{"level":"info","message":"Deleted Item with id [JDbJXa2kZwranwpn] in parent Actor [whSKs1nhGbBqaPD3]","timestamp":"2025-11-20 12:17:14"}
{"level":"info","message":"Created Item with id [9DV6vwLPjIsbaqd4] in parent Actor [whSKs1nhGbBqaPD3]","timestamp":"2025-11-20 12:17:59"}
{"level":"info","message":"Created Token with id [l6UCAP0Te5Ui7qz2] in parent Scene [SD40gseItagck9DK]","timestamp":"2025-11-20 12:23:37"}
{"level":"debug","message":"Starting edit session for user 'ouprz11DPMVcMbwd' and instance 'JournalEntry.jRmsuODBPpnuxfGW.JournalEntryPage.8pdTCYSZH5erPlf8#text.content'.","timestamp":"2025-11-20 12:24:02"}
{"level":"debug","message":"Retiring user 'ouprz11DPMVcMbwd' from editing session for instance 'JournalEntry.jRmsuODBPpnuxfGW.JournalEntryPage.8pdTCYSZH5erPlf8#text.content'.","timestamp":"2025-11-20 12:24:05"}
{"level":"debug","message":"Instance 'JournalEntry.jRmsuODBPpnuxfGW.JournalEntryPage.8pdTCYSZH5erPlf8#text.content' has no more active editors, cleaning up.","timestamp":"2025-11-20 12:24:05"}
{"level":"debug","message":"Starting edit session for user 'ouprz11DPMVcMbwd' and instance 'JournalEntry.jRmsuODBPpnuxfGW.JournalEntryPage.TnTNwseF4NKxevTP#text.content'.","timestamp":"2025-11-20 12:29:58"}
{"level":"debug","message":"Retiring user 'ouprz11DPMVcMbwd' from editing session for instance 'JournalEntry.jRmsuODBPpnuxfGW.JournalEntryPage.TnTNwseF4NKxevTP#text.content'.","timestamp":"2025-11-20 12:30:02"}
{"level":"debug","message":"Instance 'JournalEntry.jRmsuODBPpnuxfGW.JournalEntryPage.TnTNwseF4NKxevTP#text.content' has no more active editors, cleaning up.","timestamp":"2025-11-20 12:30:02"}
{"level":"info","message":"Created Actor with id [NHiizZOxOQqsxwBj]","timestamp":"2025-11-20 12:36:47"}
{"level":"info","message":"fqdkacduxgq91.jpg saved to assets","timestamp":"2025-11-20 12:37:45"}
{"level":"info","message":"Deleted Actor with id [NHiizZOxOQqsxwBj]","timestamp":"2025-11-20 12:37:49"}
{"level":"info","message":"Created Actor with id [hRvaHPEvbXSE5rzG]","timestamp":"2025-11-20 12:37:50"}
{"level":"info","message":"Created Item with id [Zxa1b1ZYEuHMCxzf] in parent Actor [hRvaHPEvbXSE5rzG]","timestamp":"2025-11-20 12:37:50"}
{"level":"info","message":"Created Item with id [qZAJuO63qXWdQxkY] in parent Actor [hRvaHPEvbXSE5rzG]","timestamp":"2025-11-20 12:37:50"}
{"level":"info","message":"Created Item with id [w8il1AbP5OiqGGeF] in parent Actor [hRvaHPEvbXSE5rzG]","timestamp":"2025-11-20 12:37:50"}
{"level":"info","message":"Created Item with id [RnF6nNUXtqtVxIzK] in parent Actor [hRvaHPEvbXSE5rzG]","timestamp":"2025-11-20 12:37:52"}
{"level":"info","message":"Created Item with id [d0WDnsAj3HeFaWh5] in parent Actor [hRvaHPEvbXSE5rzG]","timestamp":"2025-11-20 12:37:52"}
{"level":"info","message":"Created Item with id [LB3t9aj6CRiODPOe] in parent Actor [hRvaHPEvbXSE5rzG]","timestamp":"2025-11-20 12:37:54"}
{"level":"info","message":"Created Item with id [wDYFoA38ZQuE3Ygm] in parent Actor [hRvaHPEvbXSE5rzG]","timestamp":"2025-11-20 12:37:54"}
{"level":"info","message":"Created Item with id [bNuzOc6oFjZdCRkv] in parent Actor [hRvaHPEvbXSE5rzG]","timestamp":"2025-11-20 12:37:54"}
{"level":"info","message":"Created Item with id [I2UIoyBogTqgGrqs] in parent Actor [hRvaHPEvbXSE5rzG]","timestamp":"2025-11-20 12:37:55"}
{"level":"info","message":"Created Item with id [XJqjfzReXeefDGnp] in parent Actor [hRvaHPEvbXSE5rzG]","timestamp":"2025-11-20 12:37:56"}
{"level":"info","message":"Created Item with id [sZtJSzGuR1HWcm8p] in parent Actor [hRvaHPEvbXSE5rzG]","timestamp":"2025-11-20 12:37:57"}
{"level":"info","message":"Created Item with id [6sSKG2bW8wYSuIzo] in parent Actor [hRvaHPEvbXSE5rzG]","timestamp":"2025-11-20 12:37:57"}
{"level":"info","message":"Created Item with id [jj1tk3JBJTnatPnd] in parent Actor [hRvaHPEvbXSE5rzG]","timestamp":"2025-11-20 12:37:58"}
{"level":"info","message":"Created Item with id [RtmXAOze4yy9MA9i] in parent Actor [hRvaHPEvbXSE5rzG]","timestamp":"2025-11-20 12:37:59"}
{"level":"info","message":"Created Item with id [a5bHoNUhPu2xWo6p] in parent Actor [hRvaHPEvbXSE5rzG]","timestamp":"2025-11-20 12:37:59"}
{"level":"info","message":"Created ActiveEffect with id [eqT9bIiQdLIIPqWL] in parent Item [a5bHoNUhPu2xWo6p]","timestamp":"2025-11-20 12:37:59"}
{"level":"info","message":"Created Token with id [pZAA8WDKUHpJFkaH] in parent Scene [SD40gseItagck9DK]","timestamp":"2025-11-20 12:39:38"}
{"level":"info","message":"Deleted Token with id [pZAA8WDKUHpJFkaH] in parent Scene [SD40gseItagck9DK]","timestamp":"2025-11-20 12:39:42"}
{"level":"info","message":"nightgaunt.Token.webp saved to tokenizer/npc-images","timestamp":"2025-11-20 12:39:56"}
{"level":"info","message":"Created Token with id [WFChD1eM3yuzupvy] in parent Scene [SD40gseItagck9DK]","timestamp":"2025-11-20 12:40:01"}
{"level":"debug","message":"Starting edit session for user 'ouprz11DPMVcMbwd' and instance 'JournalEntry.poaph4H8yunx1R5j.JournalEntryPage.eTu23HWXrQlI6GXE#text.content'.","timestamp":"2025-11-20 12:42:28"}
{"level":"debug","message":"Retiring user 'ouprz11DPMVcMbwd' from editing session for instance 'JournalEntry.poaph4H8yunx1R5j.JournalEntryPage.eTu23HWXrQlI6GXE#text.content'.","timestamp":"2025-11-20 12:42:32"}
{"level":"debug","message":"Instance 'JournalEntry.poaph4H8yunx1R5j.JournalEntryPage.eTu23HWXrQlI6GXE#text.content' has no more active editors, cleaning up.","timestamp":"2025-11-20 12:42:32"}
